<?xml version="1.0" encoding="UTF-8"?>
<testng-results skipped="0" failed="0" ignored="0" total="1" passed="1">
  <reporter-output>
  </reporter-output>
  <suite name="Default suite" duration-ms="11301" started-at="2019-08-27T07:25:39Z" finished-at="2019-08-27T07:25:50Z">
    <groups>
    </groups>
    <test name="Default test" duration-ms="11301" started-at="2019-08-27T07:25:39Z" finished-at="2019-08-27T07:25:50Z">
      <class name="Screenshots">
        <test-method status="PASS" signature="Snippet()[pri:0, instance:Screenshots@27efef64]" name="Snippet" duration-ms="11273" started-at="2019-08-27T07:25:39Z" finished-at="2019-08-27T07:25:50Z">
          <reporter-output>
          </reporter-output>
        </test-method> <!-- Snippet -->
      </class> <!-- Screenshots -->
    </test> <!-- Default test -->
  </suite> <!-- Default suite -->
</testng-results>
